<?xml version="1.0" encoding="UTF-8"?>
<testsuite name="com.example.data.local.datasource.LocalDataSourceImplTest" tests="4" skipped="0" failures="0" errors="0" timestamp="2026-01-21T13:24:38" hostname="192.168.2.28" time="0.806">
  <properties/>
  <testcase name="savePokemonList calls dao insert" classname="com.example.data.local.datasource.LocalDataSourceImplTest" time="0.747"/>
  <testcase name="getPokemonList returns flow from dao" classname="com.example.data.local.datasource.LocalDataSourceImplTest" time="0.044"/>
  <testcase name="getPokemonDetail returns flow from dao" classname="com.example.data.local.datasource.LocalDataSourceImplTest" time="0.003"/>
  <testcase name="savePokemonDetail calls dao insert" classname="com.example.data.local.datasource.LocalDataSourceImplTest" time="0.011"/>
  <system-out><![CDATA[]]></system-out>
  <system-err><![CDATA[]]></system-err>
</testsuite>
