<?xml version="1.0" encoding="UTF-8"?>
<testsuite name="com.example.data.remote.datasource.RemoteDataSourceImplTest" tests="2" skipped="0" failures="0" errors="0" timestamp="2026-01-20T20:42:37" hostname="192.168.2.28" time="0.074">
  <properties/>
  <testcase name="getPokemonDetail calls api with correct id" classname="com.example.data.remote.datasource.RemoteDataSourceImplTest" time="0.054"/>
  <testcase name="getPokemonList calls api with correct parameters" classname="com.example.data.remote.datasource.RemoteDataSourceImplTest" time="0.02"/>
  <system-out><![CDATA[]]></system-out>
  <system-err><![CDATA[]]></system-err>
</testsuite>
