<?xml version="1.0" encoding="UTF-8"?>
<testsuite name="com.example.domain.usecase.GetPokemonDetailUseCaseImplTest" tests="3" skipped="0" failures="0" errors="0" timestamp="2026-01-20T20:42:32" hostname="192.168.2.28" time="0.941">
  <properties/>
  <testcase name="invoke returns pokemon detail from repository" classname="com.example.domain.usecase.GetPokemonDetailUseCaseImplTest" time="0.901"/>
  <testcase name="invoke returns null when pokemon not found" classname="com.example.domain.usecase.GetPokemonDetailUseCaseImplTest" time="0.002"/>
  <testcase name="refresh calls repository refresh with correct id" classname="com.example.domain.usecase.GetPokemonDetailUseCaseImplTest" time="0.037"/>
  <system-out><![CDATA[]]></system-out>
  <system-err><![CDATA[]]></system-err>
</testsuite>
