<?xml version="1.0" encoding="UTF-8"?>
<testsuite name="com.example.data.remote.datasource.RemoteDataSourceImplTest" tests="2" skipped="0" failures="0" errors="0" timestamp="2026-01-21T13:24:42" hostname="192.168.2.28" time="0.089">
  <properties/>
  <testcase name="getPokemonDetail calls api with correct id" classname="com.example.data.remote.datasource.RemoteDataSourceImplTest" time="0.065"/>
  <testcase name="getPokemonList calls api with correct parameters" classname="com.example.data.remote.datasource.RemoteDataSourceImplTest" time="0.024"/>
  <system-out><![CDATA[]]></system-out>
  <system-err><![CDATA[]]></system-err>
</testsuite>
