<?xml version="1.0" encoding="UTF-8"?>
<testsuite name="com.example.presentation.list.PokemonListViewModelTest" tests="4" skipped="0" failures="0" errors="0" timestamp="2026-01-20T20:42:36" hostname="192.168.2.28" time="0.074">
  <properties/>
  <testcase name="refresh calls usecase refresh" classname="com.example.presentation.list.PokemonListViewModelTest" time="0.066"/>
  <testcase name="uiState emits error when usecase throws exception" classname="com.example.presentation.list.PokemonListViewModelTest" time="0.003"/>
  <testcase name="initial state is loading" classname="com.example.presentation.list.PokemonListViewModelTest" time="0.002"/>
  <testcase name="uiState emits success when usecase returns list" classname="com.example.presentation.list.PokemonListViewModelTest" time="0.003"/>
  <system-out><![CDATA[]]></system-out>
  <system-err><![CDATA[]]></system-err>
</testsuite>
